Using pre-set license
Built from '2021.1/staging' branch; Version is '2021.1.21f1 (f2d5d3c59f8c) revision 15914451'; Using compiler version '192528614'; Build Type 'Release'
OS: 'Windows 10 Home; OS build 19042.1288; Version 2009; 64bit' Language: 'en' Physical Memory: 32669 MB
BatchMode: 1, IsHumanControllingUs: 0, StartBugReporterOnCrash: 0, Is64bit: 1, IsPro: 0

COMMAND LINE ARGUMENTS:
C:\Program Files\Unity\Hub\Editor\2021.1.21f1\Editor\Unity.exe
-adb2
-batchMode
-noUpm
-name
AssetImportWorker0
-projectPath
H:/School work/Mobile/Assignment2/ReJumper/REjumper
-logFile
Logs/AssetImportWorker0.log
-srvPort
51137
Successfully changed project path to: H:/School work/Mobile/Assignment2/ReJumper/REjumper
H:/School work/Mobile/Assignment2/ReJumper/REjumper
Using Asset Import Pipeline V2.
Refreshing native plugins compatible for Editor in 71.49 ms, found 3 plugins.
Preloading 0 native plugins for Editor in 0.00 ms.
Initialize engine version: 2021.1.21f1 (f2d5d3c59f8c)
[Subsystems] Discovering subsystems at path C:/Program Files/Unity/Hub/Editor/2021.1.21f1/Editor/Data/Resources/UnitySubsystems
[Subsystems] Discovering subsystems at path H:/School work/Mobile/Assignment2/ReJumper/REjumper/Assets
GfxDevice: creating device client; threaded=0; jobified=0
Direct3D:
    Version:  Direct3D 11.0 [level 11.1]
    Renderer: NVIDIA GeForce RTX 3070 (ID=0x2484)
    Vendor:   NVIDIA
    VRAM:     8043 MB
    Driver:   30.0.14.9613
Initialize mono
Mono path[0] = 'C:/Program Files/Unity/Hub/Editor/2021.1.21f1/Editor/Data/Managed'
Mono path[1] = 'C:/Program Files/Unity/Hub/Editor/2021.1.21f1/Editor/Data/MonoBleedingEdge/lib/mono/unityjit'
Mono config path = 'C:/Program Files/Unity/Hub/Editor/2021.1.21f1/Editor/Data/MonoBleedingEdge/etc'
Using monoOptions --debugger-agent=transport=dt_socket,embedding=1,server=y,suspend=n,address=127.0.0.1:56924
Begin MonoManager ReloadAssembly
Registering precompiled unity dll's ...
Register platform support module: C:/Program Files/Unity/Hub/Editor/2021.1.21f1/Editor/Data/PlaybackEngines/WindowsStandaloneSupport/UnityEditor.WindowsStandalone.Extensions.dll
Registered in 0.001322 seconds.
Native extension for WindowsStandalone target not found
Refreshing native plugins compatible for Editor in 72.13 ms, found 3 plugins.
Preloading 0 native plugins for Editor in 0.00 ms.
Mono: successfully reloaded assembly
- Completed reload, in  0.914 seconds
Domain Reload Profiling:
	ReloadAssembly (914ms)
		BeginReloadAssembly (54ms)
			ExecutionOrderSort (0ms)
			DisableScriptedObjects (0ms)
			BackupInstance (0ms)
			ReleaseScriptingObjects (0ms)
			CreateAndSetChildDomain (1ms)
		EndReloadAssembly (381ms)
			LoadAssemblies (52ms)
			RebuildTransferFunctionScriptingTraits (0ms)
			SetupTypeCache (143ms)
			ReleaseScriptCaches (0ms)
			RebuildScriptCaches (22ms)
			SetupLoadedEditorAssemblies (180ms)
				LogAssemblyErrors (0ms)
				InitializePlatformSupportModulesInManaged (5ms)
				SetLoadedEditorAssemblies (0ms)
				RefreshPlugins (72ms)
				BeforeProcessingInitializeOnLoad (1ms)
				ProcessInitializeOnLoadAttributes (78ms)
				ProcessInitializeOnLoadMethodAttributes (24ms)
				AfterProcessingInitializeOnLoad (0ms)
				EditorAssembliesLoaded (0ms)
			ExecutionOrderSort2 (0ms)
			AwakeInstancesAfterBackupRestoration (0ms)
Platform modules already initialized, skipping
Registering precompiled user dll's ...
Registered in 0.003251 seconds.
Begin MonoManager ReloadAssembly
Symbol file LoadedFromMemory doesn't match image H:\School work\Mobile\Assignment2\ReJumper\REjumper\Library\PackageCache\com.unity.visualscripting@1.6.1\Editor\VisualScripting.Core\Dependencies\YamlDotNet\Unity.VisualScripting.YamlDotNet.dll
Symbol file LoadedFromMemory doesn't match image H:\School work\Mobile\Assignment2\ReJumper\REjumper\Library\PackageCache\com.unity.visualscripting@1.6.1\Editor\VisualScripting.Core\Dependencies\DotNetZip\Unity.VisualScripting.IonicZip.dll
Native extension for WindowsStandalone target not found
Refreshing native plugins compatible for Editor in 0.46 ms, found 3 plugins.
Preloading 0 native plugins for Editor in 0.00 ms.
Mono: successfully reloaded assembly
- Completed reload, in  0.867 seconds
Domain Reload Profiling:
	ReloadAssembly (867ms)
		BeginReloadAssembly (138ms)
			ExecutionOrderSort (0ms)
			DisableScriptedObjects (4ms)
			BackupInstance (0ms)
			ReleaseScriptingObjects (0ms)
			CreateAndSetChildDomain (16ms)
		EndReloadAssembly (684ms)
			LoadAssemblies (90ms)
			RebuildTransferFunctionScriptingTraits (0ms)
			SetupTypeCache (268ms)
			ReleaseScriptCaches (0ms)
			RebuildScriptCaches (36ms)
			SetupLoadedEditorAssemblies (239ms)
				LogAssemblyErrors (0ms)
				InitializePlatformSupportModulesInManaged (4ms)
				SetLoadedEditorAssemblies (0ms)
				RefreshPlugins (1ms)
				BeforeProcessingInitializeOnLoad (55ms)
				ProcessInitializeOnLoadAttributes (171ms)
				ProcessInitializeOnLoadMethodAttributes (4ms)
				AfterProcessingInitializeOnLoad (5ms)
				EditorAssembliesLoaded (0ms)
			ExecutionOrderSort2 (0ms)
			AwakeInstancesAfterBackupRestoration (7ms)
Platform modules already initialized, skipping
========================================================================
Worker process is ready to serve import requests
Launched and connected shader compiler UnityShaderCompiler.exe after 0.06 seconds
Refreshing native plugins compatible for Editor in 0.49 ms, found 3 plugins.
Preloading 0 native plugins for Editor in 0.00 ms.
Unloading 2963 Unused Serialized files (Serialized files now loaded: 0)
System memory in use before: 108.0 MB.
System memory in use after: 108.2 MB.

Unloading 20 unused Assets to reduce memory usage. Loaded Objects now: 3409.
Total: 2.229800 ms (FindLiveObjects: 0.182200 ms CreateObjectMapping: 0.129900 ms MarkObjects: 1.872100 ms  DeleteObjects: 0.044800 ms)

AssetImportParameters requested are different than current active one (requested -> active):
  custom:framework-win-MediaFoundation: 216162199b28c13a410421893ffa2e32 -> 
  custom:video-decoder-ogg-theora: a1e56fd34408186e4bbccfd4996cb3dc -> 
  custom:container-muxer-webm: aa71ff27fc2769a1b78a27578f13a17b -> 
  custom:container-demuxer-webm: 4f35f7cbe854078d1ac9338744f61a02 -> 
  custom:container-demuxer-ogg: 62fdf1f143b41e24485cea50d1cbac27 -> 
  custom:video-encoder-webm-vp8: eb34c28f22e8b96e1ab97ce403110664 -> 
  custom:video-decoder-webm-vp8: 9c59270c3fd7afecdb556c50c9e8de78 -> 
  custom:audio-decoder-ogg-vorbis: bf7c407c2cedff20999df2af8eb42d56 -> 
  custom:audio-encoder-webm-vorbis: bf7c407c2cedff20999df2af8eb42d56 -> 
========================================================================
Received Prepare
Refreshing native plugins compatible for Editor in 2.49 ms, found 3 plugins.
Preloading 0 native plugins for Editor in 0.00 ms.
Unloading 13 Unused Serialized files (Serialized files now loaded: 0)
System memory in use before: 48.3 MB.
System memory in use after: 48.5 MB.

Unloading 13 unused Assets to reduce memory usage. Loaded Objects now: 3409.
Total: 2.230700 ms (FindLiveObjects: 0.171000 ms CreateObjectMapping: 0.113300 ms MarkObjects: 1.937200 ms  DeleteObjects: 0.008700 ms)

AssetImportParameters requested are different than current active one (requested -> active):
  custom:framework-win-MediaFoundation: 216162199b28c13a410421893ffa2e32 -> 
  custom:video-decoder-ogg-theora: a1e56fd34408186e4bbccfd4996cb3dc -> 
  custom:container-muxer-webm: aa71ff27fc2769a1b78a27578f13a17b -> 
  custom:container-demuxer-webm: 4f35f7cbe854078d1ac9338744f61a02 -> 
  custom:container-demuxer-ogg: 62fdf1f143b41e24485cea50d1cbac27 -> 
  custom:video-encoder-webm-vp8: eb34c28f22e8b96e1ab97ce403110664 -> 
  custom:video-decoder-webm-vp8: 9c59270c3fd7afecdb556c50c9e8de78 -> 
  custom:audio-decoder-ogg-vorbis: bf7c407c2cedff20999df2af8eb42d56 -> 
  custom:audio-encoder-webm-vorbis: bf7c407c2cedff20999df2af8eb42d56 -> 
========================================================================
Received Import Request.
  path: Assets/Scenes/PlayScene.unity
  artifactKey: Guid(5319692d39c6c91499ac30e60e14cc1a) Importer(815301076,1909f56bfc062723c751e8b465ee728b)
Start importing Assets/Scenes/PlayScene.unity using Guid(5319692d39c6c91499ac30e60e14cc1a) Importer(815301076,1909f56bfc062723c751e8b465ee728b)  -> (artifact id: 'f11a5f3b12ab24abb120c8851be1daa1') in 0.010933 seconds 
========================================================================
Received Import Request.
  Time since last request: 10.846156 seconds.
  path: Assets/Sprites/25369.png
  artifactKey: Guid(4cb71e52b6fb42446ae3ab24c4f020d9) Importer(815301076,1909f56bfc062723c751e8b465ee728b)
Start importing Assets/Sprites/25369.png using Guid(4cb71e52b6fb42446ae3ab24c4f020d9) Importer(815301076,1909f56bfc062723c751e8b465ee728b)  -> (artifact id: '6a89a3f687ac5bb3b0130bd07173d623') in 0.081786 seconds 
========================================================================
Received Import Request.
  Time since last request: 0.000116 seconds.
  path: Assets/Sprites/flatDark25.png
  artifactKey: Guid(c058820e038139e4a85c888ecfbb065b) Importer(815301076,1909f56bfc062723c751e8b465ee728b)
Start importing Assets/Sprites/flatDark25.png using Guid(c058820e038139e4a85c888ecfbb065b) Importer(815301076,1909f56bfc062723c751e8b465ee728b)  -> (artifact id: '69b336e115419567d558be7635c2e51e') in 0.018817 seconds 
========================================================================
Received Import Request.
  Time since last request: 0.000106 seconds.
  path: Assets/Sprites/flatDark23.png
  artifactKey: Guid(c595dc4b5d1db8641936e77dfb95c42c) Importer(815301076,1909f56bfc062723c751e8b465ee728b)
Start importing Assets/Sprites/flatDark23.png using Guid(c595dc4b5d1db8641936e77dfb95c42c) Importer(815301076,1909f56bfc062723c751e8b465ee728b)  -> (artifact id: '8e728146817858993489e838f551075a') in 0.013592 seconds 
========================================================================
Received Import Request.
  Time since last request: 0.000108 seconds.
  path: Assets/Sprites/Pineapple.png
  artifactKey: Guid(fe4ff19e10d10734981604727f6a077e) Importer(815301076,1909f56bfc062723c751e8b465ee728b)
Start importing Assets/Sprites/Pineapple.png using Guid(fe4ff19e10d10734981604727f6a077e) Importer(815301076,1909f56bfc062723c751e8b465ee728b)  -> (artifact id: '98a6e2a08e6fc4538df8ddb553899086') in 0.030961 seconds 
========================================================================
Received Import Request.
  Time since last request: 0.000106 seconds.
  path: Assets/Sprites/flatDark24.png
  artifactKey: Guid(d990d16ccdd8ccf49a7d8d20a80ad5fb) Importer(815301076,1909f56bfc062723c751e8b465ee728b)
Start importing Assets/Sprites/flatDark24.png using Guid(d990d16ccdd8ccf49a7d8d20a80ad5fb) Importer(815301076,1909f56bfc062723c751e8b465ee728b)  -> (artifact id: '54d576d850a608128702c87e3c8bbf73') in 0.007948 seconds 
========================================================================
Received Import Request.
  Time since last request: 0.000123 seconds.
  path: Assets/Sprites/Checkpoint (Flag Out) (64x64).png
  artifactKey: Guid(1567ae0f0814da04f9785ea4e0215de8) Importer(815301076,1909f56bfc062723c751e8b465ee728b)
Start importing Assets/Sprites/Checkpoint (Flag Out) (64x64).png using Guid(1567ae0f0814da04f9785ea4e0215de8) Importer(815301076,1909f56bfc062723c751e8b465ee728b)  -> (artifact id: '8426a90ea5a33f98822f13a67d616398') in 0.036526 seconds 
========================================================================
Received Import Request.
  Time since last request: 2.239793 seconds.
  path: Assets/Sprites/Tiles
  artifactKey: Guid(dc0844de62cf81246a7c1e94d28874c5) Importer(815301076,1909f56bfc062723c751e8b465ee728b)
Start importing Assets/Sprites/Tiles using Guid(dc0844de62cf81246a7c1e94d28874c5) Importer(815301076,1909f56bfc062723c751e8b465ee728b)  -> (artifact id: '318ad121c161e65bd0f8ac741f585933') in 0.004095 seconds 
========================================================================
Received Import Request.
  Time since last request: 0.043814 seconds.
  path: Assets/Sprites/Tiles/Brown.png
  artifactKey: Guid(672b2b250f42efc44906eaf6d8a42715) Importer(815301076,1909f56bfc062723c751e8b465ee728b)
Start importing Assets/Sprites/Tiles/Brown.png using Guid(672b2b250f42efc44906eaf6d8a42715) Importer(815301076,1909f56bfc062723c751e8b465ee728b)  -> (artifact id: '2d8c29ee5e7331963b05487c8d3f4f99') in 0.017452 seconds 
========================================================================
Received Import Request.
  Time since last request: 0.000110 seconds.
  path: Assets/Sprites/Tiles/Brown_6.asset
  artifactKey: Guid(c8af356e7f2a57c4d9c8e6fd45b26b7e) Importer(815301076,1909f56bfc062723c751e8b465ee728b)
Start importing Assets/Sprites/Tiles/Brown_6.asset using Guid(c8af356e7f2a57c4d9c8e6fd45b26b7e) Importer(815301076,1909f56bfc062723c751e8b465ee728b)  -> (artifact id: 'a675d8f58e1db9c9df3363fa55c839d6') in 0.012521 seconds 
========================================================================
Received Import Request.
  Time since last request: 0.000115 seconds.
  path: Assets/Sprites/Tiles/Brown_8.asset
  artifactKey: Guid(2c3bbf82273fa2f4794cac29a6303339) Importer(815301076,1909f56bfc062723c751e8b465ee728b)
Start importing Assets/Sprites/Tiles/Brown_8.asset using Guid(2c3bbf82273fa2f4794cac29a6303339) Importer(815301076,1909f56bfc062723c751e8b465ee728b)  -> (artifact id: '2d4e6ff4522a75387272e3ddb56ec27b') in 0.006541 seconds 
========================================================================
Received Import Request.
  Time since last request: 0.000095 seconds.
  path: Assets/Sprites/Tiles/Brown_2.asset
  artifactKey: Guid(b004be22e8c5ecb4d84383a4451ecadd) Importer(815301076,1909f56bfc062723c751e8b465ee728b)
Start importing Assets/Sprites/Tiles/Brown_2.asset using Guid(b004be22e8c5ecb4d84383a4451ecadd) Importer(815301076,1909f56bfc062723c751e8b465ee728b)  -> (artifact id: '94a56b0681a02672bac71233ba25ece1') in 0.006279 seconds 
========================================================================
Received Import Request.
  Time since last request: 0.000103 seconds.
  path: Assets/Sprites/Tiles/Brown_5.asset
  artifactKey: Guid(94a784173449a6740ba2de44c5bba707) Importer(815301076,1909f56bfc062723c751e8b465ee728b)
Start importing Assets/Sprites/Tiles/Brown_5.asset using Guid(94a784173449a6740ba2de44c5bba707) Importer(815301076,1909f56bfc062723c751e8b465ee728b)  -> (artifact id: '934810930a862f16ddc4232a2ac6654b') in 0.005909 seconds 
========================================================================
Received Import Request.
  Time since last request: 0.000133 seconds.
  path: Assets/Sprites/Tiles/Brown_3.asset
  artifactKey: Guid(53e442efee1dd5344906a4380b13aee3) Importer(815301076,1909f56bfc062723c751e8b465ee728b)
Start importing Assets/Sprites/Tiles/Brown_3.asset using Guid(53e442efee1dd5344906a4380b13aee3) Importer(815301076,1909f56bfc062723c751e8b465ee728b)  -> (artifact id: '2c5ce2b47a3e01cdf1bcb42d6728570f') in 0.005877 seconds 
========================================================================
Received Import Request.
  Time since last request: 0.000110 seconds.
  path: Assets/Sprites/Tiles/Brown_12.asset
  artifactKey: Guid(e2e215ce8e7c56e47bb9aa08672206ca) Importer(815301076,1909f56bfc062723c751e8b465ee728b)
Start importing Assets/Sprites/Tiles/Brown_12.asset using Guid(e2e215ce8e7c56e47bb9aa08672206ca) Importer(815301076,1909f56bfc062723c751e8b465ee728b)  -> (artifact id: '7bef4c493661e56aee216f5f997a2ad6') in 0.007227 seconds 
========================================================================
Received Import Request.
  Time since last request: 0.000162 seconds.
  path: Assets/Sprites/Tiles/Brown_4.asset
  artifactKey: Guid(6f94c8e0976c445469f6780347e6d215) Importer(815301076,1909f56bfc062723c751e8b465ee728b)
Start importing Assets/Sprites/Tiles/Brown_4.asset using Guid(6f94c8e0976c445469f6780347e6d215) Importer(815301076,1909f56bfc062723c751e8b465ee728b)  -> (artifact id: '279c4dff835c6c3e89a27dbafffaaa74') in 0.005891 seconds 
========================================================================
Received Import Request.
  Time since last request: 0.000112 seconds.
  path: Assets/Sprites/Tiles/Brown_7.asset
  artifactKey: Guid(3182ca8303d347749bbe1f6b26c76b5c) Importer(815301076,1909f56bfc062723c751e8b465ee728b)
Start importing Assets/Sprites/Tiles/Brown_7.asset using Guid(3182ca8303d347749bbe1f6b26c76b5c) Importer(815301076,1909f56bfc062723c751e8b465ee728b)  -> (artifact id: '40db47a972536728a84f3cb99169a46f') in 0.005869 seconds 
========================================================================
Received Import Request.
  Time since last request: 0.000106 seconds.
  path: Assets/Sprites/Tiles/Brown_1.asset
  artifactKey: Guid(254759da4df08df45bb88571d80820f2) Importer(815301076,1909f56bfc062723c751e8b465ee728b)
Start importing Assets/Sprites/Tiles/Brown_1.asset using Guid(254759da4df08df45bb88571d80820f2) Importer(815301076,1909f56bfc062723c751e8b465ee728b)  -> (artifact id: 'dd76816043ceaa4b2598baa5aaac04b5') in 0.005793 seconds 
========================================================================
Received Import Request.
  Time since last request: 0.000127 seconds.
  path: Assets/Sprites/Tiles/Brown_0.asset
  artifactKey: Guid(a5f8fb37122af0146bc958555aeeac73) Importer(815301076,1909f56bfc062723c751e8b465ee728b)
Start importing Assets/Sprites/Tiles/Brown_0.asset using Guid(a5f8fb37122af0146bc958555aeeac73) Importer(815301076,1909f56bfc062723c751e8b465ee728b)  -> (artifact id: '8c026967a863138735b02206e071869c') in 0.005935 seconds 
========================================================================
Received Import Request.
  Time since last request: 0.000116 seconds.
  path: Assets/Sprites/Tiles/Brown_14.asset
  artifactKey: Guid(aacfcf41df5449a4b8b3279f40a52478) Importer(815301076,1909f56bfc062723c751e8b465ee728b)
Start importing Assets/Sprites/Tiles/Brown_14.asset using Guid(aacfcf41df5449a4b8b3279f40a52478) Importer(815301076,1909f56bfc062723c751e8b465ee728b)  -> (artifact id: '68548c4c3f86b8e3f7f88157617c56e4') in 0.005726 seconds 
========================================================================
Received Import Request.
  Time since last request: 0.000121 seconds.
  path: Assets/Sprites/Tiles/Brown_15.asset
  artifactKey: Guid(fa807de09c1621a4195afa36a1e30eb4) Importer(815301076,1909f56bfc062723c751e8b465ee728b)
Start importing Assets/Sprites/Tiles/Brown_15.asset using Guid(fa807de09c1621a4195afa36a1e30eb4) Importer(815301076,1909f56bfc062723c751e8b465ee728b)  -> (artifact id: '250c028a3054e50f904bad056f3b2ea0') in 0.005673 seconds 
========================================================================
Received Import Request.
  Time since last request: 0.000124 seconds.
  path: Assets/Sprites/Tiles/Brown_9.asset
  artifactKey: Guid(f517a1ecd9cc5db45bb6d03388813d4e) Importer(815301076,1909f56bfc062723c751e8b465ee728b)
Start importing Assets/Sprites/Tiles/Brown_9.asset using Guid(f517a1ecd9cc5db45bb6d03388813d4e) Importer(815301076,1909f56bfc062723c751e8b465ee728b)  -> (artifact id: '827e0ca053a01428c42d503659f912a9') in 0.005827 seconds 
========================================================================
Received Import Request.
  Time since last request: 0.000113 seconds.
  path: Assets/Sprites/Tiles/Brown_13.asset
  artifactKey: Guid(a3251917c318b214a93c9065e4998667) Importer(815301076,1909f56bfc062723c751e8b465ee728b)
Start importing Assets/Sprites/Tiles/Brown_13.asset using Guid(a3251917c318b214a93c9065e4998667) Importer(815301076,1909f56bfc062723c751e8b465ee728b)  -> (artifact id: 'f9159da2a749beb6635d8237e86f9eaf') in 0.005818 seconds 
========================================================================
Received Import Request.
  Time since last request: 0.000117 seconds.
  path: Assets/Sprites/Tiles/Brown_10.asset
  artifactKey: Guid(0f10313516e40ae4f806df3bf9dfb92b) Importer(815301076,1909f56bfc062723c751e8b465ee728b)
Start importing Assets/Sprites/Tiles/Brown_10.asset using Guid(0f10313516e40ae4f806df3bf9dfb92b) Importer(815301076,1909f56bfc062723c751e8b465ee728b)  -> (artifact id: '4ccd7c694d0ca306cf31b736fd6d5262') in 0.006223 seconds 
========================================================================
Received Import Request.
  Time since last request: 0.000140 seconds.
  path: Assets/Sprites/Tiles/Brown_11.asset
  artifactKey: Guid(64d5d92fbc9476e4089638e94216e2bc) Importer(815301076,1909f56bfc062723c751e8b465ee728b)
Start importing Assets/Sprites/Tiles/Brown_11.asset using Guid(64d5d92fbc9476e4089638e94216e2bc) Importer(815301076,1909f56bfc062723c751e8b465ee728b)  -> (artifact id: '9d7af4e5e2c72be0ab94d0db375dd705') in 0.006481 seconds 
========================================================================
Received Import Request.
  Time since last request: 8.156469 seconds.
  path: Assets/Sprites/Tiles/Terrain (16x16).png
  artifactKey: Guid(1ea8bcddc4ec632429fa6d4207849b9c) Importer(815301076,1909f56bfc062723c751e8b465ee728b)
Start importing Assets/Sprites/Tiles/Terrain (16x16).png using Guid(1ea8bcddc4ec632429fa6d4207849b9c) Importer(815301076,1909f56bfc062723c751e8b465ee728b)  -> (artifact id: '040fe44b647932bddf79298450189c83') in 0.139303 seconds 
========================================================================
Received Import Request.
  Time since last request: 0.000116 seconds.
  path: Assets/Sprites/Tiles/Terrain (16x16)_10.asset
  artifactKey: Guid(0b8e3544b6194794187be7cdbed07c99) Importer(815301076,1909f56bfc062723c751e8b465ee728b)
Start importing Assets/Sprites/Tiles/Terrain (16x16)_10.asset using Guid(0b8e3544b6194794187be7cdbed07c99) Importer(815301076,1909f56bfc062723c751e8b465ee728b)  -> (artifact id: 'fef74d5493ff993716a4a1a72091a0d5') in 0.006544 seconds 
========================================================================
Received Prepare
Registering precompiled user dll's ...
Registered in 0.002954 seconds.
Begin MonoManager ReloadAssembly
Symbol file LoadedFromMemory doesn't match image H:\School work\Mobile\Assignment2\ReJumper\REjumper\Library\PackageCache\com.unity.visualscripting@1.6.1\Editor\VisualScripting.Core\Dependencies\YamlDotNet\Unity.VisualScripting.YamlDotNet.dll
Symbol file LoadedFromMemory doesn't match image H:\School work\Mobile\Assignment2\ReJumper\REjumper\Library\PackageCache\com.unity.visualscripting@1.6.1\Editor\VisualScripting.Core\Dependencies\DotNetZip\Unity.VisualScripting.IonicZip.dll
Native extension for WindowsStandalone target not found
Refreshing native plugins compatible for Editor in 0.49 ms, found 3 plugins.
Preloading 0 native plugins for Editor in 0.00 ms.
Mono: successfully reloaded assembly
- Completed reload, in  0.830 seconds
Domain Reload Profiling:
	ReloadAssembly (831ms)
		BeginReloadAssembly (98ms)
			ExecutionOrderSort (0ms)
			DisableScriptedObjects (4ms)
			BackupInstance (0ms)
			ReleaseScriptingObjects (0ms)
			CreateAndSetChildDomain (29ms)
		EndReloadAssembly (689ms)
			LoadAssemblies (73ms)
			RebuildTransferFunctionScriptingTraits (0ms)
			SetupTypeCache (273ms)
			ReleaseScriptCaches (1ms)
			RebuildScriptCaches (31ms)
			SetupLoadedEditorAssemblies (229ms)
				LogAssemblyErrors (0ms)
				InitializePlatformSupportModulesInManaged (4ms)
				SetLoadedEditorAssemblies (0ms)
				RefreshPlugins (1ms)
				BeforeProcessingInitializeOnLoad (48ms)
				ProcessInitializeOnLoadAttributes (160ms)
				ProcessInitializeOnLoadMethodAttributes (11ms)
				AfterProcessingInitializeOnLoad (5ms)
				EditorAssembliesLoaded (0ms)
			ExecutionOrderSort2 (0ms)
			AwakeInstancesAfterBackupRestoration (9ms)
Platform modules already initialized, skipping
Refreshing native plugins compatible for Editor in 0.46 ms, found 3 plugins.
Preloading 0 native plugins for Editor in 0.00 ms.
Unloading 2993 Unused Serialized files (Serialized files now loaded: 0)
System memory in use before: 115.5 MB.
System memory in use after: 115.8 MB.

Unloading 15 unused Assets to reduce memory usage. Loaded Objects now: 3595.
Total: 2.444700 ms (FindLiveObjects: 0.215200 ms CreateObjectMapping: 0.131300 ms MarkObjects: 2.082700 ms  DeleteObjects: 0.014900 ms)

AssetImportParameters requested are different than current active one (requested -> active):
  custom:framework-win-MediaFoundation: 216162199b28c13a410421893ffa2e32 -> 
  custom:video-decoder-ogg-theora: a1e56fd34408186e4bbccfd4996cb3dc -> 
  custom:container-muxer-webm: aa71ff27fc2769a1b78a27578f13a17b -> 
  custom:container-demuxer-webm: 4f35f7cbe854078d1ac9338744f61a02 -> 
  custom:container-demuxer-ogg: 62fdf1f143b41e24485cea50d1cbac27 -> 
  custom:video-encoder-webm-vp8: eb34c28f22e8b96e1ab97ce403110664 -> 
  custom:video-decoder-webm-vp8: 9c59270c3fd7afecdb556c50c9e8de78 -> 
  custom:audio-decoder-ogg-vorbis: bf7c407c2cedff20999df2af8eb42d56 -> 
  custom:audio-encoder-webm-vorbis: bf7c407c2cedff20999df2af8eb42d56 -> 
========================================================================
Received Import Request.
  Time since last request: 577.596287 seconds.
  path: Assets/Scripts
  artifactKey: Guid(2e8a27f47600f344c8620228d49ad614) Importer(815301076,1909f56bfc062723c751e8b465ee728b)
Start importing Assets/Scripts using Guid(2e8a27f47600f344c8620228d49ad614) Importer(815301076,1909f56bfc062723c751e8b465ee728b)  -> (artifact id: 'ef07a246c6c5945b21653c1b23e6f47c') in 0.008637 seconds 
========================================================================
Received Import Request.
  Time since last request: 6.686329 seconds.
  path: Assets/Scripts/PlayerBehaviour.cs
  artifactKey: Guid(2416482284b35da498a383df28b99648) Importer(815301076,1909f56bfc062723c751e8b465ee728b)
Start importing Assets/Scripts/PlayerBehaviour.cs using Guid(2416482284b35da498a383df28b99648) Importer(815301076,1909f56bfc062723c751e8b465ee728b)  -> (artifact id: '92e8370952a4618d04c3850a40492ef8') in 0.008633 seconds 
========================================================================
Received Prepare
Registering precompiled user dll's ...
Registered in 0.002779 seconds.
Begin MonoManager ReloadAssembly
Symbol file LoadedFromMemory doesn't match image H:\School work\Mobile\Assignment2\ReJumper\REjumper\Library\PackageCache\com.unity.visualscripting@1.6.1\Editor\VisualScripting.Core\Dependencies\YamlDotNet\Unity.VisualScripting.YamlDotNet.dll
Symbol file LoadedFromMemory doesn't match image H:\School work\Mobile\Assignment2\ReJumper\REjumper\Library\PackageCache\com.unity.visualscripting@1.6.1\Editor\VisualScripting.Core\Dependencies\DotNetZip\Unity.VisualScripting.IonicZip.dll
Native extension for WindowsStandalone target not found
Refreshing native plugins compatible for Editor in 0.55 ms, found 3 plugins.
Preloading 0 native plugins for Editor in 0.00 ms.
Mono: successfully reloaded assembly
- Completed reload, in  0.829 seconds
Domain Reload Profiling:
	ReloadAssembly (829ms)
		BeginReloadAssembly (105ms)
			ExecutionOrderSort (0ms)
			DisableScriptedObjects (6ms)
			BackupInstance (0ms)
			ReleaseScriptingObjects (0ms)
			CreateAndSetChildDomain (30ms)
		EndReloadAssembly (678ms)
			LoadAssemblies (80ms)
			RebuildTransferFunctionScriptingTraits (0ms)
			SetupTypeCache (261ms)
			ReleaseScriptCaches (1ms)
			RebuildScriptCaches (31ms)
			SetupLoadedEditorAssemblies (229ms)
				LogAssemblyErrors (0ms)
				InitializePlatformSupportModulesInManaged (4ms)
				SetLoadedEditorAssemblies (0ms)
				RefreshPlugins (1ms)
				BeforeProcessingInitializeOnLoad (43ms)
				ProcessInitializeOnLoadAttributes (165ms)
				ProcessInitializeOnLoadMethodAttributes (10ms)
				AfterProcessingInitializeOnLoad (5ms)
				EditorAssembliesLoaded (0ms)
			ExecutionOrderSort2 (0ms)
			AwakeInstancesAfterBackupRestoration (11ms)
Platform modules already initialized, skipping
Refreshing native plugins compatible for Editor in 0.49 ms, found 3 plugins.
Preloading 0 native plugins for Editor in 0.00 ms.
Unloading 2986 Unused Serialized files (Serialized files now loaded: 0)
System memory in use before: 115.3 MB.
System memory in use after: 115.5 MB.

Unloading 15 unused Assets to reduce memory usage. Loaded Objects now: 3598.
Total: 2.498000 ms (FindLiveObjects: 0.209000 ms CreateObjectMapping: 0.143000 ms MarkObjects: 2.129000 ms  DeleteObjects: 0.016100 ms)

AssetImportParameters requested are different than current active one (requested -> active):
  custom:framework-win-MediaFoundation: 216162199b28c13a410421893ffa2e32 -> 
  custom:video-decoder-ogg-theora: a1e56fd34408186e4bbccfd4996cb3dc -> 
  custom:container-muxer-webm: aa71ff27fc2769a1b78a27578f13a17b -> 
  custom:container-demuxer-webm: 4f35f7cbe854078d1ac9338744f61a02 -> 
  custom:container-demuxer-ogg: 62fdf1f143b41e24485cea50d1cbac27 -> 
  custom:video-encoder-webm-vp8: eb34c28f22e8b96e1ab97ce403110664 -> 
  custom:video-decoder-webm-vp8: 9c59270c3fd7afecdb556c50c9e8de78 -> 
  custom:audio-decoder-ogg-vorbis: bf7c407c2cedff20999df2af8eb42d56 -> 
  custom:audio-encoder-webm-vorbis: bf7c407c2cedff20999df2af8eb42d56 -> 
========================================================================
Received Import Request.
  Time since last request: 139.806312 seconds.
  path: Assets/Scripts/PlayerBehaviour.cs
  artifactKey: Guid(2416482284b35da498a383df28b99648) Importer(815301076,1909f56bfc062723c751e8b465ee728b)
Start importing Assets/Scripts/PlayerBehaviour.cs using Guid(2416482284b35da498a383df28b99648) Importer(815301076,1909f56bfc062723c751e8b465ee728b)  -> (artifact id: '749691bb5083e85b29b87c6bfa6763c8') in 0.004241 seconds 
AssetImportWorkerClient::OnTransportError - code=2 error=End of file
